[2026-04-20 00:36:55] [INFO    ] discord.client: logging in using static token
[2026-04-20 00:36:55] [DEBUG   ] discord.http: GET https://discord.com/api/v10/users/@me with None has returned 200
[2026-04-20 00:36:55] [DEBUG   ] discord.http: GET /users/@me has found its initial rate limit bucket hash (78bb8553d9352a5a2f89f9def401287a).
[2026-04-20 00:36:55] [DEBUG   ] discord.http: GET https://discord.com/api/v10/users/@me has received {'id': '1495334750905434283', 'username': 'Ayanokoji-Bot', 'avatar': '85a531bcb7da45601c6c6d639af262ab', 'discriminator': '1650', 'public_flags': 0, 'flags': 0, 'bot': True, 'banner': None, 'accent_color': None, 'global_name': None, 'avatar_decoration_data': None, 'collectibles': None, 'display_name_styles': None, 'banner_color': None, 'clan': None, 'primary_guild': None, 'mfa_enabled': False, 'locale': 'en-US', 'premium_type': 0, 'email': None, 'verified': True, 'bio': ''}
[2026-04-20 00:36:56] [DEBUG   ] discord.http: GET https://discord.com/api/v10/oauth2/applications/@me with None has returned 200
[2026-04-20 00:36:56] [DEBUG   ] discord.http: GET /oauth2/applications/@me has found its initial rate limit bucket hash (d28a133af187e91d71d96a223467ce49).
[2026-04-20 00:36:56] [DEBUG   ] discord.http: GET https://discord.com/api/v10/oauth2/applications/@me has received {'id': '1495334750905434283', 'name': 'Ayanokoji-Bot', 'icon': '85a531bcb7da45601c6c6d639af262ab', 'description': 'A discord bot that can read media links (reddit, instagram, etc), download the image/video/text and display the post on discord rather than just displaying the link.', 'type': None, 'bot': {'id': '1495334750905434283', 'username': 'Ayanokoji-Bot', 'avatar': '85a531bcb7da45601c6c6d639af262ab', 'discriminator': '1650', 'public_flags': 0, 'flags': 0, 'bot': True, 'banner': None, 'accent_color': None, 'global_name': None, 'avatar_decoration_data': None, 'collectibles': None, 'display_name_styles': None, 'banner_color': None, 'clan': None, 'primary_guild': None}, 'summary': '', 'is_monetized': False, 'is_verified': False, 'is_discoverable': False, 'bot_public': True, 'bot_require_code_grant': False, 'install_params': {'scopes': ['applications.commands'], 'permissions': '0'}, 'integration_types_config': {'0': {'oauth2_install_params': {'scopes': ['applications.commands'], 'permissions': '0'}}, '1': {'oauth2_install_params': {'scopes': ['applications.commands'], 'permissions': '0'}}}, 'verify_key': '1f5058e54d7b40e3ad0cdeac4cf30f4a29ed7a3cdf931b97466faeaac97222bb', 'flags': 524288, 'hook': True, 'storefront_available': False, 'redirect_uris': [], 'interactions_endpoint_url': None, 'role_connections_verification_url': None, 'owner': {'id': '478004323700441108', 'username': 'firedownz', 'avatar': '8e50363a6200a5e3c64803286247db67', 'discriminator': '0', 'public_flags': 0, 'flags': 0, 'banner': None, 'accent_color': None, 'global_name': 'firedownz', 'avatar_decoration_data': None, 'collectibles': None, 'display_name_styles': None, 'banner_color': None, 'clan': None, 'primary_guild': None}, 'approximate_guild_count': 0, 'approximate_user_install_count': 0, 'approximate_user_authorization_count': 0, 'interactions_event_types': [], 'interactions_version': 1, 'explicit_content_filter': 0, 'rpc_application_state': 0, 'store_application_state': 1, 'verification_state': 1, 'integration_public': True, 'integration_require_code_grant': False, 'discoverability_state': 1, 'discovery_eligibility_flags': 228, 'monetization_state': 1, 'verification_eligibility_flags': 91036, 'monetization_eligibility_flags': 181988, 'bot_approximate_guild_count': 1, 'team': None, 'internal_guild_restriction': 2, 'approved_consoles': [], 'pricing_localization_strategy': 'localized_price_sets'}
[2026-04-20 00:36:56] [DEBUG   ] discord.gateway: Created websocket connected to wss://gateway.discord.gg/
[2026-04-20 00:36:56] [DEBUG   ] discord.gateway: For Shard ID None: WebSocket Event: {'t': None, 's': None, 'op': 10, 'd': {'heartbeat_interval': 41250, '_trace': ['["gateway-prd-arm-us-east1-d-p8lc",{"micros":0.0}]']}}
[2026-04-20 00:36:56] [DEBUG   ] discord.gateway: Shard ID None has sent the IDENTIFY payload.
[2026-04-20 00:36:56] [DEBUG   ] discord.gateway: For Shard ID None: WebSocket Event: {'t': None, 's': None, 'op': 11, 'd': None}
[2026-04-20 00:36:56] [DEBUG   ] discord.gateway: For Shard ID None: WebSocket Event: {'t': 'READY', 's': 1, 'op': 0, 'd': {'v': 10, 'user_settings': {}, 'user': {'verified': True, 'username': 'Ayanokoji-Bot', 'primary_guild': None, 'mfa_enabled': False, 'id': '1495334750905434283', 'global_name': None, 'flags': 0, 'email': None, 'discriminator': '1650', 'clan': None, 'bot': True, 'avatar': '85a531bcb7da45601c6c6d639af262ab'}, 'session_type': 'normal', 'session_id': '21277c65abd07b06c93196b736dc1970', 'resume_gateway_url': 'wss://gateway-us-east1-d.discord.gg', 'relationships': [], 'private_channels': [], 'presences': [], 'guilds': [{'unavailable': True, 'id': '1442078712140136522'}], 'guild_join_requests': [], 'geo_ordered_rtc_regions': ['seattle', 'oregon', 'santa-clara', 'us-west', 'us-central'], 'game_relationships': [], 'auth': {}, 'application': {'id': '1495334750905434283', 'flags_new': '524288', 'flags': 524288}, '_trace': ['["gateway-prd-arm-us-east1-d-p8lc",{"micros":329831,"calls":["id_created",{"micros":1416,"calls":[]},"session_lookup_time",{"micros":5663,"calls":[]},"session_lookup_finished",{"micros":10,"calls":[]},"sessions-prd-gcp-us-east1-d-124",{"micros":321372,"calls":["start_session",{"micros":248073,"calls":["prd-rpc-64c4b7f996-9shnw",{"micros":119356,"calls":["get_user",{"micros":65741},"get_guilds",{"micros":5950},"send_scheduled_deletion_message",{"micros":12},"guild_join_requests",{"micros":3},"authorized_ip_coro",{"micros":13},"pending_payments",{"micros":1602},"apex_experiments",{"micros":114558},"sessions_experiments",{"micros":10},"played_application_ids",{"micros":5},"linked_users",{"micros":15},"ad_personalization_toggles_disabled",{"micros":5},"regional_feature_config",{"micros":4}]}]},"starting_guild_connect",{"micros":55,"calls":[]},"presence_started",{"micros":344,"calls":[]},"guilds_started",{"micros":64,"calls":[]},"lobbies_started",{"micros":1,"calls":[]},"guilds_connect",{"micros":1,"calls":[]},"presence_connect",{"micros":72802,"calls":[]},"connect_finished",{"micros":72817,"calls":[]},"build_ready",{"micros":14,"calls":[]},"clean_ready",{"micros":2,"calls":[]},"optimize_ready",{"micros":0,"calls":[]},"split_ready",{"micros":1,"calls":[]}]}]}]']}}
[2026-04-20 00:36:56] [DEBUG   ] discord.client: Dispatching event socket_event_type
[2026-04-20 00:36:56] [INFO    ] discord.gateway: Shard ID None has connected to Gateway (Session ID: 21277c65abd07b06c93196b736dc1970).
[2026-04-20 00:36:56] [DEBUG   ] discord.client: Dispatching event connect
[2026-04-20 00:36:56] [DEBUG   ] discord.gateway: For Shard ID None: WebSocket Event: {'t': 'GUILD_CREATE', 's': 2, 'op': 0, 'd': {'guild_scheduled_events': [], 'voice_states': [], 'icon': '463dae2610463eb9ae862166f636d5d0', 'latest_onboarding_question_id': None, 'members': [{'user': {'username': 'Ayanokoji-Bot', 'public_flags': 0, 'primary_guild': None, 'id': '1495334750905434283', 'global_name': None, 'display_name_styles': None, 'display_name': None, 'discriminator': '1650', 'collectibles': None, 'bot': True, 'avatar_decoration_data': None, 'avatar': '85a531bcb7da45601c6c6d639af262ab'}, 'roles': ['1495511446161723605'], 'premium_since': None, 'pending': False, 'nick': None, 'mute': False, 'joined_at': '2026-04-19T19:48:34.121000+00:00', 'flags': 0, 'deaf': False, 'communication_disabled_until': None, 'banner': None, 'avatar': None}], 'splash': None, 'max_video_channel_users': 25, 'preferred_locale': 'en-US', 'member_count': 4, 'profile': None, 'rules_channel_id': None, 'lazy': True, 'max_members': 25000000, 'embedded_activities': [], 'soundboard_sounds': [], 'emojis': [], 'premium_tier': 0, 'owner_id': '478004323700441108', 'region': 'deprecated', 'application_id': None, 'premium_progress_bar_enabled_user_updated_at': None, 'nsfw_level': 0, 'stickers': [], 'id': '1442078712140136522', 'name': 'Laos Server', 'premium_features': None, 'hub_type': None, 'default_message_notifications': 0, 'unavailable': False, 'public_updates_channel_id': None, 'threads': [], 'activity_instances': [], 'verification_level': 0, 'vanity_url_code': None, 'explicit_content_filter': 0, 'description': None, 'moderator_reporting': None, 'system_channel_flags': 0, 'nsfw': False, 'application_command_counts': {}, 'mfa_level': 0, 'roles': [{'version': 1763888757922, 'unicode_emoji': None, 'tags': {}, 'position': 0, 'permissions': '2248473465835073', 'name': '@everyone', 'mentionable': False, 'managed': False, 'id': '1442078712140136522', 'icon': None, 'hoist': False, 'flags': 0, 'colors': {'tertiary_color': None, 'secondary_color': None, 'primary_color': 0}, 'color': 0}, {'version': 1776583825981, 'unicode_emoji': None, 'tags': {'bot_id': '1495187012267806893'}, 'position': 2, 'permissions': '563276639759424', 'name': 'tutorialBot', 'mentionable': False, 'managed': True, 'id': '1495188982286385176', 'icon': None, 'hoist': False, 'flags': 0, 'colors': {'tertiary_color': None, 'secondary_color': None, 'primary_color': 0}, 'color': 0}, {'version': 1776583988122, 'unicode_emoji': None, 'tags': {}, 'position': 1, 'permissions': '0', 'name': 'sigma', 'mentionable': False, 'managed': False, 'id': '1495325649085403187', 'icon': None, 'hoist': True, 'flags': 0, 'colors': {'tertiary_color': None, 'secondary_color': None, 'primary_color': 15277667}, 'color': 15277667}, {'version': 1776628114084, 'unicode_emoji': None, 'tags': {'bot_id': '1495334750905434283'}, 'position': 1, 'permissions': '1126984386473040', 'name': 'Ayanokoji-Bot', 'mentionable': False, 'managed': True, 'id': '1495511446161723605', 'icon': None, 'hoist': False, 'flags': 0, 'colors': {'tertiary_color': None, 'secondary_color': None, 'primary_color': 0}, 'color': 0}], 'banner': None, 'verification_role_id': None, 'home_header': None, 'experiments': {'evaluation_id': None, 'assignments': []}, 'owner_configured_content_level': 0, 'premium_subscription_count': 0, 'system_channel_id': '1442078713930977413', 'safety_alerts_channel_id': None, 'presences': [], 'joined_at': '2026-04-19T19:48:34.121000+00:00', 'incidents_data': None, 'large': False, 'channels': [{'version': 1763888757931, 'type': 4, 'position': 0, 'permission_overwrites': [], 'name': 'Text Channels', 'id': '1442078713930977411', 'flags': 0}, {'version': 1763888757935, 'type': 4, 'position': 0, 'permission_overwrites': [], 'name': 'Voice Channels', 'id': '1442078713930977412', 'flags': 0}, {'version': 1763894932748, 'type': 0, 'topic': None, 'rate_limit_per_user': 0, 'position': 0, 'permission_overwrites': [], 'parent_id': '1442078713930977411', 'name': 'bss-macro_stats', 'last_message_id': '1495659832940957696', 'id': '1442078713930977413', 'icon_emoji': {'name': '👋', 'id': None}, 'flags': 0}, {'version': 1763888757956, 'user_limit': 0, 'type': 2, 'rtc_region': None, 'rate_limit_per_user': 0, 'position': 0, 'permission_overwrites': [], 'parent_id': '1442078713930977412', 'name': 'General', 'last_message_id': None, 'id': '1442078713930977414', 'icon_emoji': {'name': '🎙', 'id': None}, 'flags': 0, 'bitrate': 64000}, {'version': 1776551195781, 'type': 0, 'topic': None, 'rate_limit_per_user': 0, 'position': 1, 'permission_overwrites': [], 'parent_id': '1442078713930977411', 'name': 'asdsad', 'last_message_id': '1495689182113300550', 'id': '1495188827629686924', 'flags': 0}], 'stage_instances': [], 'premium_progress_bar_enabled': False, 'afk_timeout': 300, 'version': 1776551193940, 'game_application_ids': None, 'features': [], 'official_message_color': None, 'discovery_splash': None, 'inventory_settings': None, 'max_stage_video_channel_users': 50, 'afk_channel_id': None}}
[2026-04-20 00:36:56] [DEBUG   ] discord.client: Dispatching event socket_event_type
[2026-04-20 00:36:56] [DEBUG   ] discord.client: Dispatching event guild_available
[2026-04-20 00:36:58] [DEBUG   ] discord.client: Dispatching event ready
[2026-04-20 00:37:01] [DEBUG   ] discord.gateway: For Shard ID None: WebSocket Event: {'t': 'MESSAGE_CREATE', 's': 3, 'op': 0, 'd': {'type': 0, 'tts': False, 'timestamp': '2026-04-20T07:37:03.511000+00:00', 'pinned': False, 'nonce': '1495689734213599232', 'mentions': [], 'mention_roles': [], 'mention_everyone': False, 'member': {'roles': ['1495325649085403187'], 'premium_since': None, 'pending': False, 'nick': None, 'mute': False, 'joined_at': '2025-11-23T09:05:57.663000+00:00', 'flags': 0, 'deaf': False, 'communication_disabled_until': None, 'banner': None, 'avatar': None}, 'id': '1495689743873347605', 'flags': 0, 'embeds': [{'url': 'https://www.reddit.com/r/TikTokCringe/comments/1spx6o7/the_entire_staff_of_a_zara_chased_after_a_lady/', 'type': 'article', 'title': 'The entire staff of a Zara chased after a lady who walked out witho...', 'image': {'width': 1120, 'url': 'https://share.redd.it/preview/post/1spx6o7', 'proxy_url': 'https://images-ext-1.discordapp.net/external/RqnrTUP3h6F_HqQR1rk8sY9g8uzhN65TAWhWworV4Hk/https/share.redd.it/preview/post/1spx6o7', 'placeholder_version': 1, 'placeholder': 'zQcKBIAH11eHeYeEe3fSDD3Pxg==', 'height': 584, 'flags': 0, 'description': 'From the TikTokCringe community on Reddit: "The entire staff of a Zara chased after a lady who walked out without buying anything, accusing her of stealing a pink dress"', 'content_type': 'image/jpeg'}, 'id': '1495689743873347606', 'footer': {'text': 'Reddit', 'proxy_icon_url': 'https://images-ext-1.discordapp.net/external/gMOywRvOsWQAFTSkD_LGG64e9SBeyQ5JLhB0Z74LaF0/https/www.redditstatic.com/desktop2x/img/favicon/favicon-96x96.png', 'icon_url': 'https://www.redditstatic.com/desktop2x/img/favicon/favicon-96x96.png'}, 'description': '"We deal with them all the time … uh unfortunately they do this quite often" - one of the police officers', 'color': 16729344, 'author': {'url': 'https://www.reddit.com/r/TikTokCringe/', 'name': 'r/TikTokCringe'}}], 'edited_timestamp': None, 'content': 'https://www.reddit.com/r/TikTokCringe/comments/1spx6o7/the_entire_staff_of_a_zara_chased_after_a_lady/', 'components': [], 'channel_type': 0, 'channel_id': '1495188827629686924', 'author': {'username': 'firedownz', 'public_flags': 0, 'primary_guild': None, 'id': '478004323700441108', 'global_name': 'firedownz', 'display_name_styles': None, 'discriminator': '0', 'collectibles': None, 'clan': None, 'avatar_decoration_data': None, 'avatar': '8e50363a6200a5e3c64803286247db67'}, 'attachments': [], 'guild_id': '1442078712140136522'}}
[2026-04-20 00:37:01] [DEBUG   ] discord.client: Dispatching event socket_event_type
[2026-04-20 00:37:01] [DEBUG   ] discord.client: Dispatching event message
[2026-04-20 00:37:23] [DEBUG   ] discord.gateway: For Shard ID None: WebSocket Event: {'t': 'MESSAGE_CREATE', 's': 4, 'op': 0, 'd': {'type': 19, 'tts': False, 'timestamp': '2026-04-20T07:37:25.833000+00:00', 'referenced_message': {'type': 0, 'tts': False, 'timestamp': '2026-04-20T07:37:03.511000+00:00', 'pinned': False, 'mentions': [], 'mention_roles': [], 'mention_everyone': False, 'id': '1495689743873347605', 'flags': 0, 'embeds': [{'url': 'https://www.reddit.com/r/TikTokCringe/comments/1spx6o7/the_entire_staff_of_a_zara_chased_after_a_lady/', 'type': 'article', 'title': 'The entire staff of a Zara chased after a lady who walked out witho...', 'image': {'width': 1120, 'url': 'https://share.redd.it/preview/post/1spx6o7', 'proxy_url': 'https://images-ext-1.discordapp.net/external/RqnrTUP3h6F_HqQR1rk8sY9g8uzhN65TAWhWworV4Hk/https/share.redd.it/preview/post/1spx6o7', 'placeholder_version': 1, 'placeholder': 'zQcKBIAH11eHeYeEe3fSDD3Pxg==', 'height': 584, 'flags': 0, 'description': 'From the TikTokCringe community on Reddit: "The entire staff of a Zara chased after a lady who walked out without buying anything, accusing her of stealing a pink dress"', 'content_type': 'image/jpeg'}, 'id': '1495689743873347606', 'footer': {'text': 'Reddit', 'proxy_icon_url': 'https://images-ext-1.discordapp.net/external/gMOywRvOsWQAFTSkD_LGG64e9SBeyQ5JLhB0Z74LaF0/https/www.redditstatic.com/desktop2x/img/favicon/favicon-96x96.png', 'icon_url': 'https://www.redditstatic.com/desktop2x/img/favicon/favicon-96x96.png'}, 'description': '"We deal with them all the time … uh unfortunately they do this quite often" - one of the police officers', 'color': 16729344, 'author': {'url': 'https://www.reddit.com/r/TikTokCringe/', 'name': 'r/TikTokCringe'}}], 'edited_timestamp': None, 'content': 'https://www.reddit.com/r/TikTokCringe/comments/1spx6o7/the_entire_staff_of_a_zara_chased_after_a_lady/', 'components': [], 'channel_id': '1495188827629686924', 'author': {'username': 'firedownz', 'public_flags': 0, 'primary_guild': None, 'id': '478004323700441108', 'global_name': 'firedownz', 'display_name_styles': None, 'discriminator': '0', 'collectibles': None, 'clan': None, 'avatar_decoration_data': None, 'avatar': '8e50363a6200a5e3c64803286247db67'}, 'attachments': []}, 'pinned': False, 'nonce': '10330235950923880842', 'message_reference': {'type': 0, 'message_id': '1495689743873347605', 'guild_id': '1442078712140136522', 'channel_id': '1495188827629686924'}, 'mentions': [{'username': 'firedownz', 'public_flags': 0, 'primary_guild': None, 'member': {'roles': ['1495325649085403187'], 'premium_since': None, 'pending': False, 'nick': None, 'mute': False, 'joined_at': '2025-11-23T09:05:57.663000+00:00', 'flags': 0, 'deaf': False, 'communication_disabled_until': None, 'banner': None, 'avatar': None}, 'id': '478004323700441108', 'global_name': 'firedownz', 'display_name_styles': None, 'discriminator': '0', 'collectibles': None, 'clan': None, 'avatar_decoration_data': None, 'avatar': '8e50363a6200a5e3c64803286247db67'}], 'mention_roles': [], 'mention_everyone': False, 'member': {'roles': ['1495511446161723605'], 'premium_since': None, 'pending': False, 'nick': None, 'mute': False, 'joined_at': '2026-04-19T19:48:34.121000+00:00', 'flags': 0, 'deaf': False, 'communication_disabled_until': None, 'banner': None, 'avatar': None}, 'id': '1495689837498470440', 'flags': 0, 'embeds': [], 'edited_timestamp': None, 'content': '**The entire staff of a Zara chased after a lady who walked out without...** \n**"We deal with them all the time … uh unfortunately they do this quite often" - one of the police officers**', 'components': [], 'channel_type': 0, 'channel_id': '1495188827629686924', 'author': {'username': 'Ayanokoji-Bot', 'public_flags': 0, 'primary_guild': None, 'id': '1495334750905434283', 'global_name': None, 'display_name_styles': None, 'discriminator': '1650', 'collectibles': None, 'clan': None, 'bot': True, 'avatar_decoration_data': None, 'avatar': '85a531bcb7da45601c6c6d639af262ab'}, 'attachments': [{'width': 135, 'url': 'https://cdn.discordapp.com/attachments/1495188827629686924/1495689836852674663/The_entire_staff_of_a_Zara_chased_after_a_lady_who_walked_out_without..._compressed.mp4?ex=69e72935&is=69e5d7b5&hm=18b9d46189ec3df15aff70e7e9a83fdf7a009d0ee7e598112c85b3704059f61d&', 'size': 9200889, 'proxy_url': 'https://media.discordapp.net/attachments/1495188827629686924/1495689836852674663/The_entire_staff_of_a_Zara_chased_after_a_lady_who_walked_out_without..._compressed.mp4?ex=69e72935&is=69e5d7b5&hm=18b9d46189ec3df15aff70e7e9a83fdf7a009d0ee7e598112c85b3704059f61d&', 'placeholder_version': 1, 'placeholder': '2wcODABHeIgIh4U4mDe6HF+PhA==', 'id': '1495689836852674663', 'height': 240, 'filename': 'The_entire_staff_of_a_Zara_chased_after_a_lady_who_walked_out_without..._compressed.mp4', 'content_type': 'video/mp4', 'content_scan_version': 4}], 'guild_id': '1442078712140136522'}}
[2026-04-20 00:37:23] [DEBUG   ] discord.client: Dispatching event socket_event_type
[2026-04-20 00:37:23] [DEBUG   ] discord.client: Dispatching event message
[2026-04-20 00:37:23] [DEBUG   ] discord.http: POST https://discord.com/api/v10/channels/1495188827629686924/messages with <aiohttp.formdata.FormData object at 0x000001CD1A697E00> has returned 200
[2026-04-20 00:37:23] [DEBUG   ] discord.http: POST /channels/{channel_id}/messages has found its initial rate limit bucket hash (62df3a8bf3cb0dd93018dd80d06039f6).
[2026-04-20 00:37:23] [DEBUG   ] discord.http: POST https://discord.com/api/v10/channels/1495188827629686924/messages has received {'type': 19, 'content': '**The entire staff of a Zara chased after a lady who walked out without...** \n**"We deal with them all the time … uh unfortunately they do this quite often" - one of the police officers**', 'mentions': [{'id': '478004323700441108', 'username': 'firedownz', 'avatar': '8e50363a6200a5e3c64803286247db67', 'discriminator': '0', 'public_flags': 0, 'flags': 0, 'banner': None, 'accent_color': None, 'global_name': 'firedownz', 'avatar_decoration_data': None, 'collectibles': None, 'display_name_styles': None, 'banner_color': None, 'clan': None, 'primary_guild': None}], 'mention_roles': [], 'attachments': [{'id': '1495689836852674663', 'filename': 'The_entire_staff_of_a_Zara_chased_after_a_lady_who_walked_out_without..._compressed.mp4', 'size': 9200889, 'url': 'https://cdn.discordapp.com/attachments/1495188827629686924/1495689836852674663/The_entire_staff_of_a_Zara_chased_after_a_lady_who_walked_out_without..._compressed.mp4?ex=69e72935&is=69e5d7b5&hm=18b9d46189ec3df15aff70e7e9a83fdf7a009d0ee7e598112c85b3704059f61d&', 'proxy_url': 'https://media.discordapp.net/attachments/1495188827629686924/1495689836852674663/The_entire_staff_of_a_Zara_chased_after_a_lady_who_walked_out_without..._compressed.mp4?ex=69e72935&is=69e5d7b5&hm=18b9d46189ec3df15aff70e7e9a83fdf7a009d0ee7e598112c85b3704059f61d&', 'width': 135, 'height': 240, 'content_type': 'video/mp4', 'content_scan_version': 4, 'placeholder': '2wcODABHeIgIh4U4mDe6HF+PhA==', 'placeholder_version': 1}], 'embeds': [], 'timestamp': '2026-04-20T07:37:25.833000+00:00', 'edited_timestamp': None, 'flags': 0, 'components': [], 'id': '1495689837498470440', 'channel_id': '1495188827629686924', 'author': {'id': '1495334750905434283', 'username': 'Ayanokoji-Bot', 'avatar': '85a531bcb7da45601c6c6d639af262ab', 'discriminator': '1650', 'public_flags': 0, 'flags': 0, 'bot': True, 'banner': None, 'accent_color': None, 'global_name': None, 'avatar_decoration_data': None, 'collectibles': None, 'display_name_styles': None, 'banner_color': None, 'clan': None, 'primary_guild': None}, 'pinned': False, 'mention_everyone': False, 'tts': False, 'nonce': '10330235950923880842', 'message_reference': {'type': 0, 'channel_id': '1495188827629686924', 'message_id': '1495689743873347605', 'guild_id': '1442078712140136522'}, 'referenced_message': {'type': 0, 'content': 'https://www.reddit.com/r/TikTokCringe/comments/1spx6o7/the_entire_staff_of_a_zara_chased_after_a_lady/', 'mentions': [], 'mention_roles': [], 'attachments': [], 'embeds': [{'type': 'article', 'url': 'https://www.reddit.com/r/TikTokCringe/comments/1spx6o7/the_entire_staff_of_a_zara_chased_after_a_lady/', 'title': 'The entire staff of a Zara chased after a lady who walked out witho...', 'description': '"We deal with them all the time … uh unfortunately they do this quite often" - one of the police officers', 'color': 16729344, 'author': {'name': 'r/TikTokCringe', 'url': 'https://www.reddit.com/r/TikTokCringe/'}, 'image': {'url': 'https://share.redd.it/preview/post/1spx6o7', 'proxy_url': 'https://images-ext-1.discordapp.net/external/RqnrTUP3h6F_HqQR1rk8sY9g8uzhN65TAWhWworV4Hk/https/share.redd.it/preview/post/1spx6o7', 'width': 1120, 'height': 584, 'content_type': 'image/jpeg', 'placeholder': 'zQcKBIAH11eHeYeEe3fSDD3Pxg==', 'placeholder_version': 1, 'description': 'From the TikTokCringe community on Reddit: "The entire staff of a Zara chased after a lady who walked out without buying anything, accusing her of stealing a pink dress"', 'flags': 0}, 'footer': {'text': 'Reddit', 'icon_url': 'https://www.redditstatic.com/desktop2x/img/favicon/favicon-96x96.png', 'proxy_icon_url': 'https://images-ext-1.discordapp.net/external/gMOywRvOsWQAFTSkD_LGG64e9SBeyQ5JLhB0Z74LaF0/https/www.redditstatic.com/desktop2x/img/favicon/favicon-96x96.png'}}], 'timestamp': '2026-04-20T07:37:03.511000+00:00', 'edited_timestamp': None, 'flags': 0, 'components': [], 'id': '1495689743873347605', 'channel_id': '1495188827629686924', 'author': {'id': '478004323700441108', 'username': 'firedownz', 'avatar': '8e50363a6200a5e3c64803286247db67', 'discriminator': '0', 'public_flags': 0, 'flags': 0, 'banner': None, 'accent_color': None, 'global_name': 'firedownz', 'avatar_decoration_data': None, 'collectibles': None, 'display_name_styles': None, 'banner_color': None, 'clan': None, 'primary_guild': None}, 'pinned': False, 'mention_everyone': False, 'tts': False}}
[2026-04-20 00:37:37] [DEBUG   ] discord.gateway: Keeping shard ID None websocket alive with sequence 4.
[2026-04-20 00:37:37] [DEBUG   ] discord.gateway: For Shard ID None: WebSocket Event: {'t': None, 's': None, 'op': 11, 'd': None}
[2026-04-20 00:38:16] [DEBUG   ] discord.gateway: For Shard ID None: WebSocket Event: {'t': 'MESSAGE_CREATE', 's': 5, 'op': 0, 'd': {'type': 0, 'tts': False, 'timestamp': '2026-04-20T07:38:19.006000+00:00', 'pinned': False, 'nonce': '1495690050292154368', 'mentions': [], 'mention_roles': [], 'mention_everyone': False, 'member': {'roles': ['1495325649085403187'], 'premium_since': None, 'pending': False, 'nick': None, 'mute': False, 'joined_at': '2025-11-23T09:05:57.663000+00:00', 'flags': 0, 'deaf': False, 'communication_disabled_until': None, 'banner': None, 'avatar': None}, 'id': '1495690060522065940', 'flags': 0, 'embeds': [], 'edited_timestamp': None, 'content': 'https://www.reddit.com/r/longvideos/comments/r2wksr/screw_all_those_asmrs_have_this_instead/', 'components': [], 'channel_type': 0, 'channel_id': '1495188827629686924', 'author': {'username': 'firedownz', 'public_flags': 0, 'primary_guild': None, 'id': '478004323700441108', 'global_name': 'firedownz', 'display_name_styles': None, 'discriminator': '0', 'collectibles': None, 'clan': None, 'avatar_decoration_data': None, 'avatar': '8e50363a6200a5e3c64803286247db67'}, 'attachments': [], 'guild_id': '1442078712140136522'}}
[2026-04-20 00:38:16] [DEBUG   ] discord.client: Dispatching event socket_event_type
[2026-04-20 00:38:16] [DEBUG   ] discord.client: Dispatching event message
[2026-04-20 00:38:18] [DEBUG   ] discord.gateway: Keeping shard ID None websocket alive with sequence 5.
[2026-04-20 00:38:28] [WARNING ] discord.gateway: Shard ID None heartbeat blocked for more than 10 seconds.
Loop thread traceback (most recent call last):
  File "c:\Github\Ayanokoji-Bot\main.py", line 352, in <module>
    bot.run(token, log_handler=handler, log_level=logging.DEBUG)
  File "C:\Github\Ayanokoji-Bot\.venv\Lib\site-packages\discord\client.py", line 933, in run
    asyncio.run(runner())
  File "C:\Users\phomm\AppData\Local\Python\pythoncore-3.14-64\Lib\asyncio\runners.py", line 204, in run
    return runner.run(main)
  File "C:\Users\phomm\AppData\Local\Python\pythoncore-3.14-64\Lib\asyncio\runners.py", line 127, in run
    return self._loop.run_until_complete(task)
  File "C:\Users\phomm\AppData\Local\Python\pythoncore-3.14-64\Lib\asyncio\base_events.py", line 706, in run_until_complete
    self.run_forever()
  File "C:\Users\phomm\AppData\Local\Python\pythoncore-3.14-64\Lib\asyncio\base_events.py", line 677, in run_forever
    self._run_once()
  File "C:\Users\phomm\AppData\Local\Python\pythoncore-3.14-64\Lib\asyncio\base_events.py", line 2057, in _run_once
    handle._run()
  File "C:\Users\phomm\AppData\Local\Python\pythoncore-3.14-64\Lib\asyncio\events.py", line 94, in _run
    self._context.run(self._callback, *self._args)
  File "C:\Github\Ayanokoji-Bot\.venv\Lib\site-packages\discord\client.py", line 508, in _run_event
    await coro(*args, **kwargs)
  File "c:\Github\Ayanokoji-Bot\main.py", line 203, in on_message
    info = ydl.extract_info(URL, download = True)
  File "C:\Github\Ayanokoji-Bot\.venv\Lib\site-packages\yt_dlp\YoutubeDL.py", line 1687, in extract_info
    return self.__extract_info(url, self.get_info_extractor(key), download, extra_info, process)
  File "C:\Github\Ayanokoji-Bot\.venv\Lib\site-packages\yt_dlp\YoutubeDL.py", line 1698, in wrapper
    return func(self, *args, **kwargs)
  File "C:\Github\Ayanokoji-Bot\.venv\Lib\site-packages\yt_dlp\YoutubeDL.py", line 1854, in __extract_info
    return self.process_ie_result(ie_result, download, extra_info)
  File "C:\Github\Ayanokoji-Bot\.venv\Lib\site-packages\yt_dlp\YoutubeDL.py", line 1913, in process_ie_result
    ie_result = self.process_video_result(ie_result, download=download)
  File "C:\Github\Ayanokoji-Bot\.venv\Lib\site-packages\yt_dlp\YoutubeDL.py", line 3096, in process_video_result
    self.process_info(new_info)
  File "C:\Github\Ayanokoji-Bot\.venv\Lib\site-packages\yt_dlp\YoutubeDL.py", line 189, in wrapper
    return func(self, *args, **kwargs)
  File "C:\Github\Ayanokoji-Bot\.venv\Lib\site-packages\yt_dlp\YoutubeDL.py", line 3526, in process_info
    partial_success, real_download = self.dl(fname, new_info)
  File "C:\Github\Ayanokoji-Bot\.venv\Lib\site-packages\yt_dlp\YoutubeDL.py", line 3285, in dl
    return fd.download(name, new_info, subtitle)
  File "C:\Github\Ayanokoji-Bot\.venv\Lib\site-packages\yt_dlp\downloader\common.py", line 480, in download
    ret = self.real_download(filename, info_dict)
  File "C:\Github\Ayanokoji-Bot\.venv\Lib\site-packages\yt_dlp\downloader\http.py", line 363, in real_download
    return download()
  File "C:\Github\Ayanokoji-Bot\.venv\Lib\site-packages\yt_dlp\downloader\http.py", line 251, in download
    data_block = ctx.data.read(block_size if not is_test else min(block_size, data_len - byte_counter))
  File "C:\Github\Ayanokoji-Bot\.venv\Lib\site-packages\yt_dlp\networking\_requests.py", line 134, in read
    data = self._real_read(amt)
  File "C:\Github\Ayanokoji-Bot\.venv\Lib\site-packages\yt_dlp\networking\_requests.py", line 130, in _real_read
    return self.fp.read(amt, decode_content=True)
  File "C:\Github\Ayanokoji-Bot\.venv\Lib\site-packages\urllib3\response.py", line 1112, in read
    data = self._raw_read(amt)
  File "C:\Github\Ayanokoji-Bot\.venv\Lib\site-packages\urllib3\response.py", line 1028, in _raw_read
    data = self._fp_read(amt, read1=read1) if not fp_closed else b""
  File "C:\Github\Ayanokoji-Bot\.venv\Lib\site-packages\urllib3\response.py", line 1011, in _fp_read
    return self._fp.read(amt) if amt is not None else self._fp.read()
  File "C:\Users\phomm\AppData\Local\Python\pythoncore-3.14-64\Lib\http\client.py", line 484, in read
    s = self.fp.read(amt)
  File "C:\Users\phomm\AppData\Local\Python\pythoncore-3.14-64\Lib\socket.py", line 725, in readinto
    return self._sock.recv_into(b)
  File "C:\Users\phomm\AppData\Local\Python\pythoncore-3.14-64\Lib\ssl.py", line 1304, in recv_into
    return self.read(nbytes, buffer)
  File "C:\Users\phomm\AppData\Local\Python\pythoncore-3.14-64\Lib\ssl.py", line 1138, in read
    return self._sslobj.read(len, buffer)

[2026-04-20 00:38:38] [WARNING ] discord.gateway: Shard ID None heartbeat blocked for more than 20 seconds.
Loop thread traceback (most recent call last):
  File "c:\Github\Ayanokoji-Bot\main.py", line 352, in <module>
    bot.run(token, log_handler=handler, log_level=logging.DEBUG)
  File "C:\Github\Ayanokoji-Bot\.venv\Lib\site-packages\discord\client.py", line 933, in run
    asyncio.run(runner())
  File "C:\Users\phomm\AppData\Local\Python\pythoncore-3.14-64\Lib\asyncio\runners.py", line 204, in run
    return runner.run(main)
  File "C:\Users\phomm\AppData\Local\Python\pythoncore-3.14-64\Lib\asyncio\runners.py", line 127, in run
    return self._loop.run_until_complete(task)
  File "C:\Users\phomm\AppData\Local\Python\pythoncore-3.14-64\Lib\asyncio\base_events.py", line 706, in run_until_complete
    self.run_forever()
  File "C:\Users\phomm\AppData\Local\Python\pythoncore-3.14-64\Lib\asyncio\base_events.py", line 677, in run_forever
    self._run_once()
  File "C:\Users\phomm\AppData\Local\Python\pythoncore-3.14-64\Lib\asyncio\base_events.py", line 2057, in _run_once
    handle._run()
  File "C:\Users\phomm\AppData\Local\Python\pythoncore-3.14-64\Lib\asyncio\events.py", line 94, in _run
    self._context.run(self._callback, *self._args)
  File "C:\Github\Ayanokoji-Bot\.venv\Lib\site-packages\discord\client.py", line 508, in _run_event
    await coro(*args, **kwargs)
  File "c:\Github\Ayanokoji-Bot\main.py", line 203, in on_message
    info = ydl.extract_info(URL, download = True)
  File "C:\Github\Ayanokoji-Bot\.venv\Lib\site-packages\yt_dlp\YoutubeDL.py", line 1687, in extract_info
    return self.__extract_info(url, self.get_info_extractor(key), download, extra_info, process)
  File "C:\Github\Ayanokoji-Bot\.venv\Lib\site-packages\yt_dlp\YoutubeDL.py", line 1698, in wrapper
    return func(self, *args, **kwargs)
  File "C:\Github\Ayanokoji-Bot\.venv\Lib\site-packages\yt_dlp\YoutubeDL.py", line 1854, in __extract_info
    return self.process_ie_result(ie_result, download, extra_info)
  File "C:\Github\Ayanokoji-Bot\.venv\Lib\site-packages\yt_dlp\YoutubeDL.py", line 1913, in process_ie_result
    ie_result = self.process_video_result(ie_result, download=download)
  File "C:\Github\Ayanokoji-Bot\.venv\Lib\site-packages\yt_dlp\YoutubeDL.py", line 3096, in process_video_result
    self.process_info(new_info)
  File "C:\Github\Ayanokoji-Bot\.venv\Lib\site-packages\yt_dlp\YoutubeDL.py", line 189, in wrapper
    return func(self, *args, **kwargs)
  File "C:\Github\Ayanokoji-Bot\.venv\Lib\site-packages\yt_dlp\YoutubeDL.py", line 3526, in process_info
    partial_success, real_download = self.dl(fname, new_info)
  File "C:\Github\Ayanokoji-Bot\.venv\Lib\site-packages\yt_dlp\YoutubeDL.py", line 3285, in dl
    return fd.download(name, new_info, subtitle)
  File "C:\Github\Ayanokoji-Bot\.venv\Lib\site-packages\yt_dlp\downloader\common.py", line 480, in download
    ret = self.real_download(filename, info_dict)
  File "C:\Github\Ayanokoji-Bot\.venv\Lib\site-packages\yt_dlp\downloader\http.py", line 363, in real_download
    return download()
  File "C:\Github\Ayanokoji-Bot\.venv\Lib\site-packages\yt_dlp\downloader\http.py", line 251, in download
    data_block = ctx.data.read(block_size if not is_test else min(block_size, data_len - byte_counter))
  File "C:\Github\Ayanokoji-Bot\.venv\Lib\site-packages\yt_dlp\networking\_requests.py", line 134, in read
    data = self._real_read(amt)
  File "C:\Github\Ayanokoji-Bot\.venv\Lib\site-packages\yt_dlp\networking\_requests.py", line 130, in _real_read
    return self.fp.read(amt, decode_content=True)
  File "C:\Github\Ayanokoji-Bot\.venv\Lib\site-packages\urllib3\response.py", line 1112, in read
    data = self._raw_read(amt)
  File "C:\Github\Ayanokoji-Bot\.venv\Lib\site-packages\urllib3\response.py", line 1028, in _raw_read
    data = self._fp_read(amt, read1=read1) if not fp_closed else b""
  File "C:\Github\Ayanokoji-Bot\.venv\Lib\site-packages\urllib3\response.py", line 1011, in _fp_read
    return self._fp.read(amt) if amt is not None else self._fp.read()
  File "C:\Users\phomm\AppData\Local\Python\pythoncore-3.14-64\Lib\http\client.py", line 484, in read
    s = self.fp.read(amt)
  File "C:\Users\phomm\AppData\Local\Python\pythoncore-3.14-64\Lib\socket.py", line 725, in readinto
    return self._sock.recv_into(b)
  File "C:\Users\phomm\AppData\Local\Python\pythoncore-3.14-64\Lib\ssl.py", line 1304, in recv_into
    return self.read(nbytes, buffer)
  File "C:\Users\phomm\AppData\Local\Python\pythoncore-3.14-64\Lib\ssl.py", line 1138, in read
    return self._sslobj.read(len, buffer)

[2026-04-20 00:38:49] [WARNING ] discord.gateway: Shard ID None heartbeat blocked for more than 30 seconds.
Loop thread traceback (most recent call last):
  File "c:\Github\Ayanokoji-Bot\main.py", line 352, in <module>
    bot.run(token, log_handler=handler, log_level=logging.DEBUG)
  File "C:\Github\Ayanokoji-Bot\.venv\Lib\site-packages\discord\client.py", line 933, in run
    asyncio.run(runner())
  File "C:\Users\phomm\AppData\Local\Python\pythoncore-3.14-64\Lib\asyncio\runners.py", line 204, in run
    return runner.run(main)
  File "C:\Users\phomm\AppData\Local\Python\pythoncore-3.14-64\Lib\asyncio\runners.py", line 127, in run
    return self._loop.run_until_complete(task)
  File "C:\Users\phomm\AppData\Local\Python\pythoncore-3.14-64\Lib\asyncio\base_events.py", line 706, in run_until_complete
    self.run_forever()
  File "C:\Users\phomm\AppData\Local\Python\pythoncore-3.14-64\Lib\asyncio\base_events.py", line 677, in run_forever
    self._run_once()
  File "C:\Users\phomm\AppData\Local\Python\pythoncore-3.14-64\Lib\asyncio\base_events.py", line 2057, in _run_once
    handle._run()
  File "C:\Users\phomm\AppData\Local\Python\pythoncore-3.14-64\Lib\asyncio\events.py", line 94, in _run
    self._context.run(self._callback, *self._args)
  File "C:\Github\Ayanokoji-Bot\.venv\Lib\site-packages\discord\client.py", line 508, in _run_event
    await coro(*args, **kwargs)
  File "c:\Github\Ayanokoji-Bot\main.py", line 218, in on_message
    outfile = vidCompression(maxSize, infile, outfile)
  File "c:\Github\Ayanokoji-Bot\main.py", line 85, in vidCompression
    subprocess.run([
  File "C:\Users\phomm\AppData\Local\Python\pythoncore-3.14-64\Lib\subprocess.py", line 557, in run
    stdout, stderr = process.communicate(input, timeout=timeout)
  File "C:\Users\phomm\AppData\Local\Python\pythoncore-3.14-64\Lib\subprocess.py", line 1213, in communicate
    self.wait()
  File "C:\Users\phomm\AppData\Local\Python\pythoncore-3.14-64\Lib\subprocess.py", line 1279, in wait
    return self._wait(timeout=timeout)
  File "C:\Users\phomm\AppData\Local\Python\pythoncore-3.14-64\Lib\subprocess.py", line 1605, in _wait
    result = _winapi.WaitForSingleObject(self._handle,

[2026-04-20 00:38:59] [WARNING ] discord.gateway: Shard ID None heartbeat blocked for more than 40 seconds.
Loop thread traceback (most recent call last):
  File "c:\Github\Ayanokoji-Bot\main.py", line 352, in <module>
    bot.run(token, log_handler=handler, log_level=logging.DEBUG)
  File "C:\Github\Ayanokoji-Bot\.venv\Lib\site-packages\discord\client.py", line 933, in run
    asyncio.run(runner())
  File "C:\Users\phomm\AppData\Local\Python\pythoncore-3.14-64\Lib\asyncio\runners.py", line 204, in run
    return runner.run(main)
  File "C:\Users\phomm\AppData\Local\Python\pythoncore-3.14-64\Lib\asyncio\runners.py", line 127, in run
    return self._loop.run_until_complete(task)
  File "C:\Users\phomm\AppData\Local\Python\pythoncore-3.14-64\Lib\asyncio\base_events.py", line 706, in run_until_complete
    self.run_forever()
  File "C:\Users\phomm\AppData\Local\Python\pythoncore-3.14-64\Lib\asyncio\base_events.py", line 677, in run_forever
    self._run_once()
  File "C:\Users\phomm\AppData\Local\Python\pythoncore-3.14-64\Lib\asyncio\base_events.py", line 2057, in _run_once
    handle._run()
  File "C:\Users\phomm\AppData\Local\Python\pythoncore-3.14-64\Lib\asyncio\events.py", line 94, in _run
    self._context.run(self._callback, *self._args)
  File "C:\Github\Ayanokoji-Bot\.venv\Lib\site-packages\discord\client.py", line 508, in _run_event
    await coro(*args, **kwargs)
  File "c:\Github\Ayanokoji-Bot\main.py", line 218, in on_message
    outfile = vidCompression(maxSize, infile, outfile)
  File "c:\Github\Ayanokoji-Bot\main.py", line 85, in vidCompression
    subprocess.run([
  File "C:\Users\phomm\AppData\Local\Python\pythoncore-3.14-64\Lib\subprocess.py", line 557, in run
    stdout, stderr = process.communicate(input, timeout=timeout)
  File "C:\Users\phomm\AppData\Local\Python\pythoncore-3.14-64\Lib\subprocess.py", line 1213, in communicate
    self.wait()
  File "C:\Users\phomm\AppData\Local\Python\pythoncore-3.14-64\Lib\subprocess.py", line 1279, in wait
    return self._wait(timeout=timeout)
  File "C:\Users\phomm\AppData\Local\Python\pythoncore-3.14-64\Lib\subprocess.py", line 1605, in _wait
    result = _winapi.WaitForSingleObject(self._handle,

[2026-04-20 00:39:09] [WARNING ] discord.gateway: Shard ID None heartbeat blocked for more than 50 seconds.
Loop thread traceback (most recent call last):
  File "c:\Github\Ayanokoji-Bot\main.py", line 352, in <module>
    bot.run(token, log_handler=handler, log_level=logging.DEBUG)
  File "C:\Github\Ayanokoji-Bot\.venv\Lib\site-packages\discord\client.py", line 933, in run
    asyncio.run(runner())
  File "C:\Users\phomm\AppData\Local\Python\pythoncore-3.14-64\Lib\asyncio\runners.py", line 204, in run
    return runner.run(main)
  File "C:\Users\phomm\AppData\Local\Python\pythoncore-3.14-64\Lib\asyncio\runners.py", line 127, in run
    return self._loop.run_until_complete(task)
  File "C:\Users\phomm\AppData\Local\Python\pythoncore-3.14-64\Lib\asyncio\base_events.py", line 706, in run_until_complete
    self.run_forever()
  File "C:\Users\phomm\AppData\Local\Python\pythoncore-3.14-64\Lib\asyncio\base_events.py", line 677, in run_forever
    self._run_once()
  File "C:\Users\phomm\AppData\Local\Python\pythoncore-3.14-64\Lib\asyncio\base_events.py", line 2057, in _run_once
    handle._run()
  File "C:\Users\phomm\AppData\Local\Python\pythoncore-3.14-64\Lib\asyncio\events.py", line 94, in _run
    self._context.run(self._callback, *self._args)
  File "C:\Github\Ayanokoji-Bot\.venv\Lib\site-packages\discord\client.py", line 508, in _run_event
    await coro(*args, **kwargs)
  File "c:\Github\Ayanokoji-Bot\main.py", line 218, in on_message
    outfile = vidCompression(maxSize, infile, outfile)
  File "c:\Github\Ayanokoji-Bot\main.py", line 85, in vidCompression
    subprocess.run([
  File "C:\Users\phomm\AppData\Local\Python\pythoncore-3.14-64\Lib\subprocess.py", line 557, in run
    stdout, stderr = process.communicate(input, timeout=timeout)
  File "C:\Users\phomm\AppData\Local\Python\pythoncore-3.14-64\Lib\subprocess.py", line 1213, in communicate
    self.wait()
  File "C:\Users\phomm\AppData\Local\Python\pythoncore-3.14-64\Lib\subprocess.py", line 1279, in wait
    return self._wait(timeout=timeout)
  File "C:\Users\phomm\AppData\Local\Python\pythoncore-3.14-64\Lib\subprocess.py", line 1605, in _wait
    result = _winapi.WaitForSingleObject(self._handle,

[2026-04-20 00:39:09] [DEBUG   ] discord.gateway: For Shard ID None: WebSocket Event: {'t': 'MESSAGE_UPDATE', 's': 6, 'op': 0, 'd': {'type': 0, 'tts': False, 'timestamp': '2026-04-20T07:38:19.006000+00:00', 'pinned': False, 'mentions': [], 'mention_roles': [], 'mention_everyone': False, 'member': {'roles': ['1495325649085403187'], 'premium_since': None, 'pending': False, 'nick': None, 'mute': False, 'joined_at': '2025-11-23T09:05:57.663000+00:00', 'flags': 0, 'deaf': False, 'communication_disabled_until': None, 'banner': None, 'avatar': None}, 'id': '1495690060522065940', 'flags': 0, 'embeds': [{'url': 'https://www.reddit.com/r/longvideos/comments/r2wksr/screw_all_those_asmrs_have_this_instead/', 'type': 'article', 'title': 'Screw all those ASMRs, have this instead', 'image': {'width': 944, 'url': 'https://external-preview.redd.it/screw-all-those-asmrs-have-this-instead-v0-VXT2nKdL602bO1NaDX--bJi0yZN8Qc3UBCgB0iI6YpY.png?format=pjpg&auto=webp&s=f8d6882f40e512564162d7a49428b9035b9ea1fe', 'proxy_url': 'https://images-ext-1.discordapp.net/external/D9J00qa1nXY6m0MtCf2ifUqvKQiY6mqLGqYQON-Lvhc/%3Fformat%3Dpjpg%26auto%3Dwebp%26s%3Df8d6882f40e512564162d7a49428b9035b9ea1fe/https/external-preview.redd.it/screw-all-those-asmrs-have-this-instead-v0-VXT2nKdL602bO1NaDX--bJi0yZN8Qc3UBCgB0iI6YpY.png', 'placeholder_version': 1, 'placeholder': 'ygcKDYAGWWd7doeQaYh5eOmLj3AI', 'height': 720, 'flags': 0, 'content_type': 'image/jpeg'}, 'id': '1495690066889019412', 'footer': {'text': 'Reddit', 'proxy_icon_url': 'https://images-ext-1.discordapp.net/external/gMOywRvOsWQAFTSkD_LGG64e9SBeyQ5JLhB0Z74LaF0/https/www.redditstatic.com/desktop2x/img/favicon/favicon-96x96.png', 'icon_url': 'https://www.redditstatic.com/desktop2x/img/favicon/favicon-96x96.png'}, 'description': 'Posted by [Deleted Account] - 29 votes and 6 comments', 'color': 16729344, 'author': {'url': 'https://www.reddit.com/r/longvideos/', 'name': 'r/longvideos'}}], 'edited_timestamp': None, 'content': 'https://www.reddit.com/r/longvideos/comments/r2wksr/screw_all_those_asmrs_have_this_instead/', 'components': [], 'channel_type': 0, 'channel_id': '1495188827629686924', 'author': {'username': 'firedownz', 'public_flags': 0, 'primary_guild': None, 'id': '478004323700441108', 'global_name': 'firedownz', 'display_name_styles': None, 'discriminator': '0', 'collectibles': None, 'clan': None, 'avatar_decoration_data': None, 'avatar': '8e50363a6200a5e3c64803286247db67'}, 'attachments': [], 'guild_id': '1442078712140136522'}}
[2026-04-20 00:39:09] [DEBUG   ] discord.client: Dispatching event socket_event_type
[2026-04-20 00:39:09] [DEBUG   ] discord.client: Dispatching event raw_message_edit
[2026-04-20 00:39:09] [DEBUG   ] discord.client: Dispatching event message_edit
[2026-04-20 00:39:09] [DEBUG   ] discord.gateway: For Shard ID None: WebSocket Event: {'t': None, 's': None, 'op': 1, 'd': None}
[2026-04-20 00:39:09] [DEBUG   ] discord.client: Dispatching event disconnect
[2026-04-20 00:39:09] [ERROR   ] discord.client: Attempting a reconnect in 0.65s
Traceback (most recent call last):
  File "C:\Github\Ayanokoji-Bot\.venv\Lib\site-packages\discord\client.py", line 731, in connect
    await self.ws.poll_event()
  File "C:\Github\Ayanokoji-Bot\.venv\Lib\site-packages\discord\gateway.py", line 644, in poll_event
    await self.received_message(msg.data)
  File "C:\Github\Ayanokoji-Bot\.venv\Lib\site-packages\discord\gateway.py", line 549, in received_message
    await self.send_as_json(beat)
  File "C:\Github\Ayanokoji-Bot\.venv\Lib\site-packages\discord\gateway.py", line 681, in send_as_json
    await self.send(utils._to_json(data))
  File "C:\Github\Ayanokoji-Bot\.venv\Lib\site-packages\discord\gateway.py", line 677, in send
    await self.socket.send_str(data)
  File "C:\Github\Ayanokoji-Bot\.venv\Lib\site-packages\aiohttp\client_ws.py", line 245, in send_str
    await self._writer.send_frame(
        data.encode("utf-8"), WSMsgType.TEXT, compress=compress
    )
  File "C:\Github\Ayanokoji-Bot\.venv\Lib\site-packages\aiohttp\_websocket\writer.py", line 83, in send_frame
    self._write_websocket_frame(message, opcode, 0)
    ~~~~~~~~~~~~~~~~~~~~~~~~~~~^^^^^^^^^^^^^^^^^^^^
  File "C:\Github\Ayanokoji-Bot\.venv\Lib\site-packages\aiohttp\_websocket\writer.py", line 151, in _write_websocket_frame
    raise ClientConnectionResetError("Cannot write to closing transport")
aiohttp.client_exceptions.ClientConnectionResetError: Cannot write to closing transport
[2026-04-20 00:39:10] [DEBUG   ] discord.gateway: Created websocket connected to wss://gateway-us-east1-d.discord.gg
[2026-04-20 00:39:10] [DEBUG   ] discord.gateway: For Shard ID None: WebSocket Event: {'t': None, 's': None, 'op': 10, 'd': {'heartbeat_interval': 41250, '_trace': ['["gateway-prd-arm-us-east1-d-vh9j",{"micros":0.0}]']}}
[2026-04-20 00:39:10] [DEBUG   ] discord.gateway: Shard ID None has sent the RESUME payload.
[2026-04-20 00:39:10] [DEBUG   ] discord.gateway: For Shard ID None: WebSocket Event: {'t': None, 's': None, 'op': 11, 'd': None}
[2026-04-20 00:39:10] [DEBUG   ] discord.gateway: For Shard ID None: WebSocket Event: {'t': 'RESUMED', 's': 7, 'op': 0, 'd': {'_trace': ['["gateway-prd-arm-us-east1-d-vh9j",{"micros":16108,"calls":["id_created",{"micros":0,"calls":[]},"session_lookup_time",{"micros":11700,"calls":[]},"session_lookup_finished",{"micros":10,"calls":[]},"sessions-prd-gcp-us-east1-d-124",{"micros":14}]}]']}}
[2026-04-20 00:39:10] [DEBUG   ] discord.client: Dispatching event socket_event_type
[2026-04-20 00:39:10] [INFO    ] discord.gateway: Shard ID None has successfully RESUMED session 21277c65abd07b06c93196b736dc1970.
[2026-04-20 00:39:10] [DEBUG   ] discord.client: Dispatching event resumed
[2026-04-20 00:39:11] [DEBUG   ] discord.gateway: For Shard ID None: WebSocket Event: {'t': 'MESSAGE_CREATE', 's': 8, 'op': 0, 'd': {'type': 19, 'tts': False, 'timestamp': '2026-04-20T07:39:13.632000+00:00', 'referenced_message': {'type': 0, 'tts': False, 'timestamp': '2026-04-20T07:38:19.006000+00:00', 'pinned': False, 'mentions': [], 'mention_roles': [], 'mention_everyone': False, 'id': '1495690060522065940', 'flags': 0, 'embeds': [{'url': 'https://www.reddit.com/r/longvideos/comments/r2wksr/screw_all_those_asmrs_have_this_instead/', 'type': 'article', 'title': 'Screw all those ASMRs, have this instead', 'image': {'width': 944, 'url': 'https://external-preview.redd.it/screw-all-those-asmrs-have-this-instead-v0-VXT2nKdL602bO1NaDX--bJi0yZN8Qc3UBCgB0iI6YpY.png?format=pjpg&auto=webp&s=f8d6882f40e512564162d7a49428b9035b9ea1fe', 'proxy_url': 'https://images-ext-1.discordapp.net/external/D9J00qa1nXY6m0MtCf2ifUqvKQiY6mqLGqYQON-Lvhc/%3Fformat%3Dpjpg%26auto%3Dwebp%26s%3Df8d6882f40e512564162d7a49428b9035b9ea1fe/https/external-preview.redd.it/screw-all-those-asmrs-have-this-instead-v0-VXT2nKdL602bO1NaDX--bJi0yZN8Qc3UBCgB0iI6YpY.png', 'placeholder_version': 1, 'placeholder': 'ygcKDYAGWWd7doeQaYh5eOmLj3AI', 'height': 720, 'flags': 0, 'content_type': 'image/jpeg'}, 'id': '1495690066889019412', 'footer': {'text': 'Reddit', 'proxy_icon_url': 'https://images-ext-1.discordapp.net/external/gMOywRvOsWQAFTSkD_LGG64e9SBeyQ5JLhB0Z74LaF0/https/www.redditstatic.com/desktop2x/img/favicon/favicon-96x96.png', 'icon_url': 'https://www.redditstatic.com/desktop2x/img/favicon/favicon-96x96.png'}, 'description': 'Posted by [Deleted Account] - 29 votes and 6 comments', 'color': 16729344, 'author': {'url': 'https://www.reddit.com/r/longvideos/', 'name': 'r/longvideos'}}], 'edited_timestamp': None, 'content': 'https://www.reddit.com/r/longvideos/comments/r2wksr/screw_all_those_asmrs_have_this_instead/', 'components': [], 'channel_id': '1495188827629686924', 'author': {'username': 'firedownz', 'public_flags': 0, 'primary_guild': None, 'id': '478004323700441108', 'global_name': 'firedownz', 'display_name_styles': None, 'discriminator': '0', 'collectibles': None, 'clan': None, 'avatar_decoration_data': None, 'avatar': '8e50363a6200a5e3c64803286247db67'}, 'attachments': []}, 'pinned': False, 'nonce': '5808779084117766288', 'message_reference': {'type': 0, 'message_id': '1495690060522065940', 'guild_id': '1442078712140136522', 'channel_id': '1495188827629686924'}, 'mentions': [{'username': 'firedownz', 'public_flags': 0, 'primary_guild': None, 'member': {'roles': ['1495325649085403187'], 'premium_since': None, 'pending': False, 'nick': None, 'mute': False, 'joined_at': '2025-11-23T09:05:57.663000+00:00', 'flags': 0, 'deaf': False, 'communication_disabled_until': None, 'banner': None, 'avatar': None}, 'id': '478004323700441108', 'global_name': 'firedownz', 'display_name_styles': None, 'discriminator': '0', 'collectibles': None, 'clan': None, 'avatar_decoration_data': None, 'avatar': '8e50363a6200a5e3c64803286247db67'}], 'mention_roles': [], 'mention_everyone': False, 'member': {'roles': ['1495511446161723605'], 'premium_since': None, 'pending': False, 'nick': None, 'mute': False, 'joined_at': '2026-04-19T19:48:34.121000+00:00', 'flags': 0, 'deaf': False, 'communication_disabled_until': None, 'banner': None, 'avatar': None}, 'id': '1495690289640247377', 'flags': 0, 'embeds': [], 'edited_timestamp': None, 'content': '**Screw all those ASMRs, have this instead**', 'components': [], 'channel_type': 0, 'channel_id': '1495188827629686924', 'author': {'username': 'Ayanokoji-Bot', 'public_flags': 0, 'primary_guild': None, 'id': '1495334750905434283', 'global_name': None, 'display_name_styles': None, 'discriminator': '1650', 'collectibles': None, 'clan': None, 'bot': True, 'avatar_decoration_data': None, 'avatar': '85a531bcb7da45601c6c6d639af262ab'}, 'attachments': [{'width': 314, 'url': 'https://cdn.discordapp.com/attachments/1495188827629686924/1495690288575025273/Screw_all_those_ASMRs_have_this_instead_compressed.mp4?ex=69e729a1&is=69e5d821&hm=e50dff42d9578da409d3b2ca96efb238a12f5bab7d5937768337b6c828c9f913&', 'size': 9537600, 'proxy_url': 'https://media.discordapp.net/attachments/1495188827629686924/1495690288575025273/Screw_all_those_ASMRs_have_this_instead_compressed.mp4?ex=69e729a1&is=69e5d821&hm=e50dff42d9578da409d3b2ca96efb238a12f5bab7d5937768337b6c828c9f913&', 'placeholder_version': 1, 'placeholder': '4CcKFYKpo1qAhnh2pmd2d4hfmvZl', 'id': '1495690288575025273', 'height': 240, 'filename': 'Screw_all_those_ASMRs_have_this_instead_compressed.mp4', 'content_type': 'video/mp4', 'content_scan_version': 4}], 'guild_id': '1442078712140136522'}}
[2026-04-20 00:39:11] [DEBUG   ] discord.client: Dispatching event socket_event_type
[2026-04-20 00:39:11] [DEBUG   ] discord.client: Dispatching event message
[2026-04-20 00:39:11] [DEBUG   ] discord.http: POST https://discord.com/api/v10/channels/1495188827629686924/messages with <aiohttp.formdata.FormData object at 0x000001CD1AA05450> has returned 200
[2026-04-20 00:39:11] [DEBUG   ] discord.http: POST https://discord.com/api/v10/channels/1495188827629686924/messages has received {'type': 19, 'content': '**Screw all those ASMRs, have this instead**', 'mentions': [{'id': '478004323700441108', 'username': 'firedownz', 'avatar': '8e50363a6200a5e3c64803286247db67', 'discriminator': '0', 'public_flags': 0, 'flags': 0, 'banner': None, 'accent_color': None, 'global_name': 'firedownz', 'avatar_decoration_data': None, 'collectibles': None, 'display_name_styles': None, 'banner_color': None, 'clan': None, 'primary_guild': None}], 'mention_roles': [], 'attachments': [{'id': '1495690288575025273', 'filename': 'Screw_all_those_ASMRs_have_this_instead_compressed.mp4', 'size': 9537600, 'url': 'https://cdn.discordapp.com/attachments/1495188827629686924/1495690288575025273/Screw_all_those_ASMRs_have_this_instead_compressed.mp4?ex=69e729a1&is=69e5d821&hm=e50dff42d9578da409d3b2ca96efb238a12f5bab7d5937768337b6c828c9f913&', 'proxy_url': 'https://media.discordapp.net/attachments/1495188827629686924/1495690288575025273/Screw_all_those_ASMRs_have_this_instead_compressed.mp4?ex=69e729a1&is=69e5d821&hm=e50dff42d9578da409d3b2ca96efb238a12f5bab7d5937768337b6c828c9f913&', 'width': 314, 'height': 240, 'content_type': 'video/mp4', 'content_scan_version': 4, 'placeholder': '4CcKFYKpo1qAhnh2pmd2d4hfmvZl', 'placeholder_version': 1}], 'embeds': [], 'timestamp': '2026-04-20T07:39:13.632000+00:00', 'edited_timestamp': None, 'flags': 0, 'components': [], 'id': '1495690289640247377', 'channel_id': '1495188827629686924', 'author': {'id': '1495334750905434283', 'username': 'Ayanokoji-Bot', 'avatar': '85a531bcb7da45601c6c6d639af262ab', 'discriminator': '1650', 'public_flags': 0, 'flags': 0, 'bot': True, 'banner': None, 'accent_color': None, 'global_name': None, 'avatar_decoration_data': None, 'collectibles': None, 'display_name_styles': None, 'banner_color': None, 'clan': None, 'primary_guild': None}, 'pinned': False, 'mention_everyone': False, 'tts': False, 'nonce': '5808779084117766288', 'message_reference': {'type': 0, 'channel_id': '1495188827629686924', 'message_id': '1495690060522065940', 'guild_id': '1442078712140136522'}, 'referenced_message': {'type': 0, 'content': 'https://www.reddit.com/r/longvideos/comments/r2wksr/screw_all_those_asmrs_have_this_instead/', 'mentions': [], 'mention_roles': [], 'attachments': [], 'embeds': [{'type': 'article', 'url': 'https://www.reddit.com/r/longvideos/comments/r2wksr/screw_all_those_asmrs_have_this_instead/', 'title': 'Screw all those ASMRs, have this instead', 'description': 'Posted by [Deleted Account] - 29 votes and 6 comments', 'color': 16729344, 'author': {'name': 'r/longvideos', 'url': 'https://www.reddit.com/r/longvideos/'}, 'image': {'url': 'https://external-preview.redd.it/screw-all-those-asmrs-have-this-instead-v0-VXT2nKdL602bO1NaDX--bJi0yZN8Qc3UBCgB0iI6YpY.png?format=pjpg&auto=webp&s=f8d6882f40e512564162d7a49428b9035b9ea1fe', 'proxy_url': 'https://images-ext-1.discordapp.net/external/D9J00qa1nXY6m0MtCf2ifUqvKQiY6mqLGqYQON-Lvhc/%3Fformat%3Dpjpg%26auto%3Dwebp%26s%3Df8d6882f40e512564162d7a49428b9035b9ea1fe/https/external-preview.redd.it/screw-all-those-asmrs-have-this-instead-v0-VXT2nKdL602bO1NaDX--bJi0yZN8Qc3UBCgB0iI6YpY.png', 'width': 944, 'height': 720, 'content_type': 'image/jpeg', 'placeholder': 'ygcKDYAGWWd7doeQaYh5eOmLj3AI', 'placeholder_version': 1, 'flags': 0}, 'footer': {'text': 'Reddit', 'icon_url': 'https://www.redditstatic.com/desktop2x/img/favicon/favicon-96x96.png', 'proxy_icon_url': 'https://images-ext-1.discordapp.net/external/gMOywRvOsWQAFTSkD_LGG64e9SBeyQ5JLhB0Z74LaF0/https/www.redditstatic.com/desktop2x/img/favicon/favicon-96x96.png'}}], 'timestamp': '2026-04-20T07:38:19.006000+00:00', 'edited_timestamp': None, 'flags': 0, 'components': [], 'id': '1495690060522065940', 'channel_id': '1495188827629686924', 'author': {'id': '478004323700441108', 'username': 'firedownz', 'avatar': '8e50363a6200a5e3c64803286247db67', 'discriminator': '0', 'public_flags': 0, 'flags': 0, 'banner': None, 'accent_color': None, 'global_name': 'firedownz', 'avatar_decoration_data': None, 'collectibles': None, 'display_name_styles': None, 'banner_color': None, 'clan': None, 'primary_guild': None}, 'pinned': False, 'mention_everyone': False, 'tts': False}}
[2026-04-20 00:39:50] [DEBUG   ] discord.gateway: Keeping shard ID None websocket alive with sequence 6.
[2026-04-20 00:39:51] [DEBUG   ] discord.gateway: Keeping shard ID None websocket alive with sequence 8.
[2026-04-20 00:39:51] [DEBUG   ] discord.gateway: For Shard ID None: WebSocket Event: {'t': None, 's': None, 'op': 11, 'd': None}
